<?xml version="1.0" encoding="UTF-8"?>
<testng-results ignored="0" total="3" passed="3" failed="0" skipped="0">
  <reporter-output>
  </reporter-output>
  <suite started-at="2021-05-30T20:07:52 IST" name="Default suite" finished-at="2021-05-30T20:08:01 IST" duration-ms="8638">
    <groups>
    </groups>
    <test started-at="2021-05-30T20:07:52 IST" name="Default test" finished-at="2021-05-30T20:08:01 IST" duration-ms="8638">
      <class name="Tests">
        <test-method is-config="true" signature="setUp()[pri:0, instance:Tests@13e5d243]" started-at="2021-05-30T20:07:53 IST" name="setUp" finished-at="2021-05-30T20:07:55 IST" duration-ms="2868" status="PASS">
          <reporter-output>
          </reporter-output>
        </test-method> <!-- setUp -->
        <test-method signature="addToken()[pri:1, instance:Tests@13e5d243]" started-at="2021-05-30T20:07:55 IST" name="addToken" finished-at="2021-05-30T20:08:00 IST" duration-ms="4354" status="PASS">
          <reporter-output>
          </reporter-output>
        </test-method> <!-- addToken -->
        <test-method signature="getToken()[pri:2, instance:Tests@13e5d243]" started-at="2021-05-30T20:08:00 IST" name="getToken" finished-at="2021-05-30T20:08:00 IST" duration-ms="628" status="PASS">
          <reporter-output>
          </reporter-output>
        </test-method> <!-- getToken -->
        <test-method signature="deleteToken()[pri:3, instance:Tests@13e5d243]" started-at="2021-05-30T20:08:00 IST" name="deleteToken" finished-at="2021-05-30T20:08:01 IST" duration-ms="577" status="PASS">
          <reporter-output>
          </reporter-output>
        </test-method> <!-- deleteToken -->
      </class> <!-- Tests -->
    </test> <!-- Default test -->
  </suite> <!-- Default suite -->
</testng-results>
