<?xml version="1.0" encoding="UTF-8"?>
<!-- Generated by org.testng.reporters.JUnitXMLReporter -->
<testsuite ignored="0" hostname="DESKTOP-B7PUNQO" failures="0" tests="11" name="Default test" time="22.642" errors="0" timestamp="2021-05-24T07:41:24 IST">
  <testcase classname="activities.Activity1" name="addNewPet" time="5.686"/>
  <testcase classname="activities.Activity1" name="getPetInfo" time="1.703"/>
  <testcase classname="activities.Activity1" name="deletePet" time="1.515"/>
  <testcase classname="activities.Activity3" name="addPets" time="3.0"/>
  <testcase classname="activities.Activity3" name="getPets" time="1.631"/>
  <testcase classname="activities.Activity3" name="getPets" time="1.43"/>
  <testcase classname="activities.Activity3" name="deletePets" time="1.53"/>
  <testcase classname="activities.Activity3" name="deletePets" time="1.398"/>
  <testcase classname="activities.Activity2" name="addNewUserFromFile" time="1.625"/>
  <testcase classname="activities.Activity2" name="getUserInfo" time="1.531"/>
  <testcase classname="activities.Activity2" name="deleteUser" time="1.437"/>
</testsuite> <!-- Default test -->
